<?xml version="1.0" encoding="UTF-8"?>
<testsuite name="cleanTest.CrudNoteWhenDoTest" tests="1" skipped="0" failures="0" errors="0" timestamp="2022-10-15T03:26:54" hostname="DESKTOP-IT4NSIL" time="33.324">
  <properties/>
  <testcase name="verifyDeleteNote()" classname="cleanTest.CrudNoteWhenDoTest" time="33.324"/>
  <system-out><![CDATA[]]></system-out>
  <system-err><![CDATA[oct. 14, 2022 11:27:03 P. M. io.appium.java_client.remote.AppiumCommandExecutor$1 lambda$0
INFORMACIÓN: Detected dialect: W3C
]]></system-err>
</testsuite>
